<?xml version="1.0" encoding="UTF-8"?>
<!-- Generated by org.testng.reporters.JUnitReportReporter -->
<testsuite hostname="Rahuls-MacBook-Pro.local" name="currencyConvertor.endToEndTestCases" tests="14" failures="1" timestamp="27 Feb 2016 06:00:05 GMT" time="11.719" errors="0">
  <testcase name="verifyDefaultFavoritesListInQuoteCurrencySelectorDropDown" time="0.312" classname="currencyConvertor.endToEndTestCases"/>
  <testcase name="checkFlipperButton" time="0.475" classname="currencyConvertor.endToEndTestCases"/>
  <testcase name="checkAutoCompleteQuoteCurrencySelector" time="3.979" classname="currencyConvertor.endToEndTestCases"/>
  <testcase name="checkBaseCurrencySelector" time="0.402" classname="currencyConvertor.endToEndTestCases"/>
  <testcase name="checkAutoCompleteBaseCurrencySelector" time="3.079" classname="currencyConvertor.endToEndTestCases"/>
  <testcase name="checkQuoteCurrencySelector" time="0.371" classname="currencyConvertor.endToEndTestCases"/>
  <testcase name="checkCurrencyChart" time="0.255" classname="currencyConvertor.endToEndTestCases"/>
  <testcase name="verifyDefaultBaseCurrency" time="0.247" classname="currencyConvertor.endToEndTestCases"/>
  <testcase name="verifyRateDetailPanel" time="0.560" classname="currencyConvertor.endToEndTestCases"/>
  <testcase name="verifyDefaultQuoteCurrency" time="0.199" classname="currencyConvertor.endToEndTestCases"/>
  <testcase name="verifyInterBankAndDefaultDate" time="0.101" classname="currencyConvertor.endToEndTestCases"/>
  <testcase name="verifyTitleName" time="0.015" classname="currencyConvertor.endToEndTestCases"/>
  <testcase name="verifyDefaultFavoritesListInBaseCurrencySelectorDropDown" time="0.486" classname="currencyConvertor.endToEndTestCases"/>
  <testcase name="checkDatesAxisForChart" time="1.238" classname="currencyConvertor.endToEndTestCases">
    <failure type="java.lang.AssertionError" message="expected:&lt;Nov 30&gt; but was:&lt;Nov 29&gt;">
      <![CDATA[java.lang.AssertionError: expected:<Nov 30> but was:<Nov 29>
	at org.testng.AssertJUnit.assertEquals(AssertJUnit.java:101)
	at org.testng.AssertJUnit.assertEquals(AssertJUnit.java:108)
	at currencyConvertor.endToEndTestCases.checkDatesAxisForChart(endToEndTestCases.java:284)
	at sun.reflect.NativeMethodAccessorImpl.invoke0(Native Method)
	at sun.reflect.NativeMethodAccessorImpl.invoke(NativeMethodAccessorImpl.java:62)
	at sun.reflect.DelegatingMethodAccessorImpl.invoke(DelegatingMethodAccessorImpl.java:43)
	at java.lang.reflect.Method.invoke(Method.java:497)
	at org.testng.internal.MethodInvocationHelper.invokeMethod(MethodInvocationHelper.java:85)
	at org.testng.internal.Invoker.invokeMethod(Invoker.java:639)
	at org.testng.internal.Invoker.invokeTestMethod(Invoker.java:816)
	at org.testng.internal.Invoker.invokeTestMethods(Invoker.java:1124)
	at org.testng.internal.TestMethodWorker.invokeTestMethods(TestMethodWorker.java:125)
	at org.testng.internal.TestMethodWorker.run(TestMethodWorker.java:108)
	at org.testng.TestRunner.privateRun(TestRunner.java:774)
	at org.testng.TestRunner.run(TestRunner.java:624)
	at org.testng.SuiteRunner.runTest(SuiteRunner.java:359)
	at org.testng.SuiteRunner.runSequentially(SuiteRunner.java:354)
	at org.testng.SuiteRunner.privateRun(SuiteRunner.java:312)
	at org.testng.SuiteRunner.run(SuiteRunner.java:261)
	at org.testng.SuiteRunnerWorker.runSuite(SuiteRunnerWorker.java:52)
	at org.testng.SuiteRunnerWorker.run(SuiteRunnerWorker.java:86)
	at org.testng.TestNG.runSuitesSequentially(TestNG.java:1215)
	at org.testng.TestNG.runSuitesLocally(TestNG.java:1140)
	at org.testng.TestNG.run(TestNG.java:1048)
	at org.testng.remote.RemoteTestNG.run(RemoteTestNG.java:112)
	at org.testng.remote.RemoteTestNG.initAndRun(RemoteTestNG.java:205)
	at org.testng.remote.RemoteTestNG.main(RemoteTestNG.java:176)
]]>
    </failure>
  </testcase> <!-- checkDatesAxisForChart -->
</testsuite> <!-- currencyConvertor.endToEndTestCases -->
