<?xml version="1.0" encoding="UTF-8"?>
<!-- Generated by org.testng.reporters.JUnitReportReporter -->
<testsuite hostname="Rahuls-MacBook-Pro.local" name="currencyConvertor.endToEndTestCases" tests="1" failures="0" timestamp="24 Feb 2016 22:49:51 GMT" time="0.952" errors="0">
  <testcase name="checkCurrencySelectorFavorites" time="0.952" classname="currencyConvertor.endToEndTestCases"/>
</testsuite> <!-- currencyConvertor.endToEndTestCases -->
